{"/Users/moseskamira/Desktop/FrontEndReactJs/src/actions/actionTypes.js": {"path":"/Users/moseskamira/Desktop/FrontEndReactJs/src/actions/actionTypes.js","statementMap":{"0":{"start":{"line":1,"column":35},"end":{"line":1,"column":56}},"1":{"start":{"line":2,"column":36},"end":{"line":2,"column":58}},"2":{"start":{"line":3,"column":36},"end":{"line":3,"column":58}},"3":{"start":{"line":4,"column":29},"end":{"line":4,"column":44}},"4":{"start":{"line":5,"column":30},"end":{"line":5,"column":46}},"5":{"start":{"line":6,"column":30},"end":{"line":6,"column":46}}},"fnMap":{},"branchMap":{},"s":{"0":7,"1":7,"2":7,"3":7,"4":7,"5":7},"f":{},"b":{},"_coverageSchema":"43e27e138ebf9cfc5966b082cf9a028302ed4184","hash":"abcad804230bc054cef8dcd84cb6cefc9417d341"}
,"/Users/moseskamira/Desktop/FrontEndReactJs/src/actions/signinAction.js": {"path":"/Users/moseskamira/Desktop/FrontEndReactJs/src/actions/signinAction.js","statementMap":{"0":{"start":{"line":5,"column":16},"end":{"line":7,"column":1}},"1":{"start":{"line":9,"column":28},"end":{"line":22,"column":6}},"2":{"start":{"line":9,"column":36},"end":{"line":22,"column":6}},"3":{"start":{"line":9,"column":48},"end":{"line":22,"column":6}},"4":{"start":{"line":12,"column":6},"end":{"line":15,"column":9}},"5":{"start":{"line":18,"column":6},"end":{"line":21,"column":9}}},"fnMap":{"0":{"name":"(anonymous_0)","decl":{"start":{"line":9,"column":28},"end":{"line":9,"column":29}},"loc":{"start":{"line":9,"column":36},"end":{"line":22,"column":6}},"line":9},"1":{"name":"(anonymous_1)","decl":{"start":{"line":9,"column":36},"end":{"line":9,"column":37}},"loc":{"start":{"line":9,"column":48},"end":{"line":22,"column":6}},"line":9},"2":{"name":"(anonymous_2)","decl":{"start":{"line":11,"column":10},"end":{"line":11,"column":11}},"loc":{"start":{"line":11,"column":24},"end":{"line":16,"column":5}},"line":11},"3":{"name":"(anonymous_3)","decl":{"start":{"line":17,"column":11},"end":{"line":17,"column":12}},"loc":{"start":{"line":17,"column":22},"end":{"line":22,"column":5}},"line":17}},"branchMap":{},"s":{"0":3,"1":3,"2":2,"3":2,"4":1,"5":1},"f":{"0":2,"1":2,"2":1,"3":1},"b":{},"_coverageSchema":"43e27e138ebf9cfc5966b082cf9a028302ed4184","hash":"71a15fb40c8af830d9a5c4fc608455d0aafaba23"}
,"/Users/moseskamira/Desktop/FrontEndReactJs/src/actions/signupAction.js": {"path":"/Users/moseskamira/Desktop/FrontEndReactJs/src/actions/signupAction.js","statementMap":{"0":{"start":{"line":5,"column":16},"end":{"line":7,"column":3}},"1":{"start":{"line":9,"column":27},"end":{"line":24,"column":10}},"2":{"start":{"line":9,"column":37},"end":{"line":24,"column":10}},"3":{"start":{"line":10,"column":4},"end":{"line":24,"column":10}},"4":{"start":{"line":12,"column":12},"end":{"line":16,"column":15}},"5":{"start":{"line":17,"column":12},"end":{"line":17,"column":42}},"6":{"start":{"line":20,"column":12},"end":{"line":23,"column":15}}},"fnMap":{"0":{"name":"(anonymous_0)","decl":{"start":{"line":9,"column":27},"end":{"line":9,"column":28}},"loc":{"start":{"line":9,"column":37},"end":{"line":24,"column":10}},"line":9},"1":{"name":"(anonymous_1)","decl":{"start":{"line":9,"column":37},"end":{"line":9,"column":38}},"loc":{"start":{"line":10,"column":4},"end":{"line":24,"column":10}},"line":10},"2":{"name":"(anonymous_2)","decl":{"start":{"line":11,"column":14},"end":{"line":11,"column":15}},"loc":{"start":{"line":11,"column":28},"end":{"line":18,"column":9}},"line":11},"3":{"name":"(anonymous_3)","decl":{"start":{"line":18,"column":17},"end":{"line":18,"column":18}},"loc":{"start":{"line":18,"column":26},"end":{"line":24,"column":9}},"line":18}},"branchMap":{},"s":{"0":4,"1":4,"2":2,"3":2,"4":1,"5":1,"6":1},"f":{"0":2,"1":2,"2":1,"3":1},"b":{},"_coverageSchema":"43e27e138ebf9cfc5966b082cf9a028302ed4184","hash":"521c63ba3c2152420e5abf2ddf649e5da0013df4"}
,"/Users/moseskamira/Desktop/FrontEndReactJs/src/components/Home.jsx": {"path":"/Users/moseskamira/Desktop/FrontEndReactJs/src/components/Home.jsx","statementMap":{"0":{"start":{"line":12,"column":4},"end":{"line":55,"column":6}}},"fnMap":{"0":{"name":"(anonymous_0)","decl":{"start":{"line":11,"column":2},"end":{"line":11,"column":3}},"loc":{"start":{"line":11,"column":11},"end":{"line":56,"column":3}},"line":11}},"branchMap":{},"s":{"0":1},"f":{"0":1},"b":{},"_coverageSchema":"43e27e138ebf9cfc5966b082cf9a028302ed4184","hash":"775dc41de1f91248b212b82979e50cf7c8270e59"}
,"/Users/moseskamira/Desktop/FrontEndReactJs/src/components/Login.jsx": {"path":"/Users/moseskamira/Desktop/FrontEndReactJs/src/components/Login.jsx","statementMap":{"0":{"start":{"line":10,"column":4},"end":{"line":10,"column":17}},"1":{"start":{"line":11,"column":4},"end":{"line":15,"column":6}},"2":{"start":{"line":19,"column":4},"end":{"line":21,"column":7}},"3":{"start":{"line":25,"column":4},"end":{"line":25,"column":23}},"4":{"start":{"line":26,"column":17},"end":{"line":29,"column":5}},"5":{"start":{"line":30,"column":4},"end":{"line":30,"column":36}},"6":{"start":{"line":32,"column":4},"end":{"line":32,"column":34}},"7":{"start":{"line":36,"column":4},"end":{"line":36,"column":38}},"8":{"start":{"line":37,"column":4},"end":{"line":39,"column":5}},"9":{"start":{"line":38,"column":6},"end":{"line":38,"column":45}},"10":{"start":{"line":43,"column":4},"end":{"line":84,"column":6}},"11":{"start":{"line":87,"column":0},"end":{"line":90,"column":2}},"12":{"start":{"line":92,"column":31},"end":{"line":94,"column":4}},"13":{"start":{"line":92,"column":41},"end":{"line":94,"column":3}}},"fnMap":{"0":{"name":"(anonymous_0)","decl":{"start":{"line":9,"column":2},"end":{"line":9,"column":3}},"loc":{"start":{"line":9,"column":21},"end":{"line":16,"column":3}},"line":9},"1":{"name":"(anonymous_1)","decl":{"start":{"line":18,"column":22},"end":{"line":18,"column":23}},"loc":{"start":{"line":18,"column":29},"end":{"line":22,"column":3}},"line":18},"2":{"name":"(anonymous_2)","decl":{"start":{"line":24,"column":17},"end":{"line":24,"column":18}},"loc":{"start":{"line":24,"column":24},"end":{"line":33,"column":3}},"line":24},"3":{"name":"(anonymous_3)","decl":{"start":{"line":35,"column":2},"end":{"line":35,"column":3}},"loc":{"start":{"line":35,"column":39},"end":{"line":40,"column":3}},"line":35},"4":{"name":"(anonymous_4)","decl":{"start":{"line":42,"column":2},"end":{"line":42,"column":3}},"loc":{"start":{"line":42,"column":11},"end":{"line":85,"column":3}},"line":42},"5":{"name":"(anonymous_5)","decl":{"start":{"line":92,"column":31},"end":{"line":92,"column":32}},"loc":{"start":{"line":92,"column":41},"end":{"line":94,"column":3}},"line":92}},"branchMap":{"0":{"loc":{"start":{"line":37,"column":4},"end":{"line":39,"column":5}},"type":"if","locations":[{"start":{"line":37,"column":4},"end":{"line":39,"column":5}},{"start":{"line":37,"column":4},"end":{"line":39,"column":5}}],"line":37},"1":{"loc":{"start":{"line":74,"column":15},"end":{"line":78,"column":18}},"type":"cond-expr","locations":[{"start":{"line":75,"column":14},"end":{"line":77,"column":20}},{"start":{"line":78,"column":16},"end":{"line":78,"column":18}}],"line":74}},"s":{"0":2,"1":2,"2":1,"3":1,"4":1,"5":1,"6":1,"7":0,"8":0,"9":0,"10":4,"11":2,"12":2,"13":1},"f":{"0":2,"1":1,"2":1,"3":0,"4":4,"5":1},"b":{"0":[0,0],"1":[1,3]},"_coverageSchema":"43e27e138ebf9cfc5966b082cf9a028302ed4184","hash":"0f6fb72b834aebf5acc22361ba12dd2656412832"}
,"/Users/moseskamira/Desktop/FrontEndReactJs/src/components/Order.jsx": {"path":"/Users/moseskamira/Desktop/FrontEndReactJs/src/components/Order.jsx","statementMap":{"0":{"start":{"line":5,"column":4},"end":{"line":26,"column":6}}},"fnMap":{"0":{"name":"(anonymous_0)","decl":{"start":{"line":4,"column":2},"end":{"line":4,"column":3}},"loc":{"start":{"line":4,"column":11},"end":{"line":27,"column":3}},"line":4}},"branchMap":{},"s":{"0":1},"f":{"0":1},"b":{},"_coverageSchema":"43e27e138ebf9cfc5966b082cf9a028302ed4184","hash":"717543fc8d44f6c427349c80f1b4c187081dc0c2"}
,"/Users/moseskamira/Desktop/FrontEndReactJs/src/components/SignUp.jsx": {"path":"/Users/moseskamira/Desktop/FrontEndReactJs/src/components/SignUp.jsx","statementMap":{"0":{"start":{"line":9,"column":4},"end":{"line":9,"column":17}},"1":{"start":{"line":10,"column":4},"end":{"line":17,"column":6}},"2":{"start":{"line":21,"column":4},"end":{"line":23,"column":7}},"3":{"start":{"line":27,"column":4},"end":{"line":27,"column":23}},"4":{"start":{"line":28,"column":17},"end":{"line":34,"column":5}},"5":{"start":{"line":36,"column":4},"end":{"line":36,"column":36}},"6":{"start":{"line":38,"column":4},"end":{"line":38,"column":33}},"7":{"start":{"line":42,"column":4},"end":{"line":42,"column":26}},"8":{"start":{"line":43,"column":4},"end":{"line":43,"column":38}},"9":{"start":{"line":44,"column":4},"end":{"line":46,"column":5}},"10":{"start":{"line":45,"column":6},"end":{"line":45,"column":35}},"11":{"start":{"line":50,"column":4},"end":{"line":145,"column":6}},"12":{"start":{"line":148,"column":0},"end":{"line":151,"column":2}},"13":{"start":{"line":152,"column":31},"end":{"line":155,"column":2}},"14":{"start":{"line":152,"column":41},"end":{"line":155,"column":1}}},"fnMap":{"0":{"name":"(anonymous_0)","decl":{"start":{"line":8,"column":2},"end":{"line":8,"column":3}},"loc":{"start":{"line":8,"column":21},"end":{"line":18,"column":3}},"line":8},"1":{"name":"(anonymous_1)","decl":{"start":{"line":20,"column":22},"end":{"line":20,"column":23}},"loc":{"start":{"line":20,"column":29},"end":{"line":24,"column":3}},"line":20},"2":{"name":"(anonymous_2)","decl":{"start":{"line":26,"column":20},"end":{"line":26,"column":21}},"loc":{"start":{"line":26,"column":27},"end":{"line":39,"column":3}},"line":26},"3":{"name":"(anonymous_3)","decl":{"start":{"line":41,"column":2},"end":{"line":41,"column":3}},"loc":{"start":{"line":41,"column":39},"end":{"line":47,"column":3}},"line":41},"4":{"name":"(anonymous_4)","decl":{"start":{"line":49,"column":2},"end":{"line":49,"column":3}},"loc":{"start":{"line":49,"column":11},"end":{"line":146,"column":3}},"line":49},"5":{"name":"(anonymous_5)","decl":{"start":{"line":152,"column":31},"end":{"line":152,"column":32}},"loc":{"start":{"line":152,"column":41},"end":{"line":155,"column":1}},"line":152}},"branchMap":{"0":{"loc":{"start":{"line":44,"column":4},"end":{"line":46,"column":5}},"type":"if","locations":[{"start":{"line":44,"column":4},"end":{"line":46,"column":5}},{"start":{"line":44,"column":4},"end":{"line":46,"column":5}}],"line":44},"1":{"loc":{"start":{"line":137,"column":13},"end":{"line":141,"column":18}},"type":"cond-expr","locations":[{"start":{"line":138,"column":14},"end":{"line":140,"column":20}},{"start":{"line":141,"column":16},"end":{"line":141,"column":18}}],"line":137}},"s":{"0":2,"1":2,"2":1,"3":1,"4":1,"5":1,"6":1,"7":0,"8":0,"9":0,"10":0,"11":4,"12":3,"13":3,"14":1},"f":{"0":2,"1":1,"2":1,"3":0,"4":4,"5":1},"b":{"0":[0,0],"1":[1,3]},"_coverageSchema":"43e27e138ebf9cfc5966b082cf9a028302ed4184","hash":"d059840fd1bea77bf4952bb004cca8c25b0ca12d"}
,"/Users/moseskamira/Desktop/FrontEndReactJs/src/reducers/mainReducer.js": {"path":"/Users/moseskamira/Desktop/FrontEndReactJs/src/reducers/mainReducer.js","statementMap":{"0":{"start":{"line":5,"column":20},"end":{"line":8,"column":2}}},"fnMap":{},"branchMap":{},"s":{"0":0},"f":{},"b":{}}
,"/Users/moseskamira/Desktop/FrontEndReactJs/src/reducers/signinReducer.js": {"path":"/Users/moseskamira/Desktop/FrontEndReactJs/src/reducers/signinReducer.js","statementMap":{"0":{"start":{"line":3,"column":21},"end":{"line":7,"column":1}},"1":{"start":{"line":10,"column":2},"end":{"line":28,"column":3}},"2":{"start":{"line":12,"column":6},"end":{"line":17,"column":8}},"3":{"start":{"line":19,"column":6},"end":{"line":24,"column":8}},"4":{"start":{"line":27,"column":6},"end":{"line":27,"column":19}}},"fnMap":{"0":{"name":"signinReducer","decl":{"start":{"line":9,"column":24},"end":{"line":9,"column":37}},"loc":{"start":{"line":9,"column":68},"end":{"line":29,"column":1}},"line":9}},"branchMap":{"0":{"loc":{"start":{"line":9,"column":38},"end":{"line":9,"column":58}},"type":"default-arg","locations":[{"start":{"line":9,"column":46},"end":{"line":9,"column":58}}],"line":9},"1":{"loc":{"start":{"line":10,"column":2},"end":{"line":28,"column":3}},"type":"switch","locations":[{"start":{"line":11,"column":4},"end":{"line":17,"column":8}},{"start":{"line":18,"column":4},"end":{"line":24,"column":8}},{"start":{"line":26,"column":4},"end":{"line":27,"column":19}}],"line":10}},"s":{"0":1,"1":2,"2":1,"3":1,"4":0},"f":{"0":2},"b":{"0":[0],"1":[1,1,0]},"_coverageSchema":"43e27e138ebf9cfc5966b082cf9a028302ed4184","hash":"eb6cb48b5fa169f6cb515d32e915f64ac37a8476"}
,"/Users/moseskamira/Desktop/FrontEndReactJs/src/reducers/signupReducer.js": {"path":"/Users/moseskamira/Desktop/FrontEndReactJs/src/reducers/signupReducer.js","statementMap":{"0":{"start":{"line":3,"column":21},"end":{"line":7,"column":1}},"1":{"start":{"line":10,"column":2},"end":{"line":28,"column":3}},"2":{"start":{"line":12,"column":6},"end":{"line":17,"column":8}},"3":{"start":{"line":19,"column":6},"end":{"line":24,"column":8}},"4":{"start":{"line":27,"column":6},"end":{"line":27,"column":19}}},"fnMap":{"0":{"name":"signupReducer","decl":{"start":{"line":9,"column":24},"end":{"line":9,"column":37}},"loc":{"start":{"line":9,"column":68},"end":{"line":29,"column":1}},"line":9}},"branchMap":{"0":{"loc":{"start":{"line":9,"column":38},"end":{"line":9,"column":58}},"type":"default-arg","locations":[{"start":{"line":9,"column":46},"end":{"line":9,"column":58}}],"line":9},"1":{"loc":{"start":{"line":10,"column":2},"end":{"line":28,"column":3}},"type":"switch","locations":[{"start":{"line":11,"column":4},"end":{"line":17,"column":8}},{"start":{"line":18,"column":4},"end":{"line":24,"column":8}},{"start":{"line":26,"column":4},"end":{"line":27,"column":19}}],"line":10}},"s":{"0":1,"1":3,"2":1,"3":1,"4":1},"f":{"0":3},"b":{"0":[1],"1":[1,1,1]},"_coverageSchema":"43e27e138ebf9cfc5966b082cf9a028302ed4184","hash":"04440082031e8d99d8f46f40722c2155141aa672"}
}
