TN:
SF:/Users/moseskamira/Desktop/FrontEndReactJs/src/actions/actionTypes.js
FNF:0
FNH:0
DA:1,7
DA:2,7
DA:3,7
DA:4,7
DA:5,7
DA:6,7
LF:6
LH:6
BRF:0
BRH:0
end_of_record
TN:
SF:/Users/moseskamira/Desktop/FrontEndReactJs/src/actions/signinAction.js
FN:10,(anonymous_0)
FN:10,(anonymous_1)
FN:12,(anonymous_2)
FN:19,(anonymous_3)
FNF:4
FNH:4
FNDA:2,(anonymous_0)
FNDA:2,(anonymous_1)
FNDA:1,(anonymous_2)
FNDA:1,(anonymous_3)
DA:5,3
DA:10,3
DA:11,2
DA:13,1
DA:20,1
LF:5
LH:5
BRF:0
BRH:0
end_of_record
TN:
SF:/Users/moseskamira/Desktop/FrontEndReactJs/src/actions/signupAction.js
FN:9,(anonymous_0)
FN:9,(anonymous_1)
FN:11,(anonymous_2)
FN:18,(anonymous_3)
FNF:4
FNH:4
FNDA:2,(anonymous_0)
FNDA:2,(anonymous_1)
FNDA:1,(anonymous_2)
FNDA:1,(anonymous_3)
DA:5,5
DA:9,5
DA:10,2
DA:12,1
DA:17,1
DA:20,1
LF:6
LH:6
BRF:0
BRH:0
end_of_record
TN:
SF:/Users/moseskamira/Desktop/FrontEndReactJs/src/components/Home.jsx
FN:11,(anonymous_0)
FNF:1
FNH:1
FNDA:1,(anonymous_0)
DA:12,1
LF:1
LH:1
BRF:0
BRH:0
end_of_record
TN:
SF:/Users/moseskamira/Desktop/FrontEndReactJs/src/components/Login.jsx
FN:8,(anonymous_0)
FN:16,(anonymous_1)
FN:22,(anonymous_2)
FN:32,(anonymous_3)
FN:38,(anonymous_4)
FN:77,(anonymous_5)
FNF:6
FNH:5
FNDA:2,(anonymous_0)
FNDA:1,(anonymous_1)
FNDA:1,(anonymous_2)
FNDA:0,(anonymous_3)
FNDA:3,(anonymous_4)
FNDA:1,(anonymous_5)
DA:9,2
DA:10,2
DA:17,1
DA:23,1
DA:24,1
DA:29,1
DA:33,0
DA:34,0
DA:39,3
DA:72,2
DA:77,2
LF:11
LH:9
BRDA:33,0,0,0
BRDA:33,0,1,0
BRF:2
BRH:0
end_of_record
TN:
SF:/Users/moseskamira/Desktop/FrontEndReactJs/src/components/Order.jsx
FN:4,(anonymous_0)
FNF:1
FNH:1
FNDA:1,(anonymous_0)
DA:5,1
LF:1
LH:1
BRF:0
BRH:0
end_of_record
TN:
SF:/Users/moseskamira/Desktop/FrontEndReactJs/src/components/SignUp.jsx
FN:7,(anonymous_0)
FN:18,(anonymous_1)
FN:24,(anonymous_2)
FN:37,(anonymous_3)
FN:43,(anonymous_4)
FN:138,(anonymous_5)
FNF:6
FNH:5
FNDA:2,(anonymous_0)
FNDA:1,(anonymous_1)
FNDA:1,(anonymous_2)
FNDA:0,(anonymous_3)
FNDA:3,(anonymous_4)
FNDA:1,(anonymous_5)
DA:8,2
DA:9,2
DA:19,1
DA:25,1
DA:26,1
DA:34,1
DA:38,0
DA:39,0
DA:44,3
DA:134,4
DA:138,4
LF:11
LH:9
BRDA:38,0,0,0
BRDA:38,0,1,0
BRF:2
BRH:0
end_of_record
TN:
SF:/Users/moseskamira/Desktop/FrontEndReactJs/src/reducers/mainReducer.js
FNF:0
FNH:0
DA:5,0
LF:1
LH:0
BRF:0
BRH:0
end_of_record
TN:
SF:/Users/moseskamira/Desktop/FrontEndReactJs/src/reducers/signinReducer.js
FN:9,signinReducer
FNF:1
FNH:1
FNDA:2,signinReducer
DA:3,1
DA:10,2
DA:12,1
DA:19,1
DA:27,0
LF:5
LH:4
BRDA:9,0,0,0
BRDA:10,1,0,1
BRDA:10,1,1,1
BRDA:10,1,2,0
BRF:4
BRH:2
end_of_record
TN:
SF:/Users/moseskamira/Desktop/FrontEndReactJs/src/reducers/signupReducer.js
FN:9,signupReducer
FNF:1
FNH:1
FNDA:3,signupReducer
DA:3,1
DA:10,3
DA:12,1
DA:19,1
DA:27,1
LF:5
LH:5
BRDA:9,0,0,1
BRDA:10,1,0,1
BRDA:10,1,1,1
BRDA:10,1,2,1
BRF:4
BRH:4
end_of_record
