TN:
SF:/Users/moseskamira/Desktop/FrontEndReactJs/src/actions/actionTypes.js
FNF:0
FNH:0
DA:1,7
DA:2,7
DA:3,7
DA:4,7
DA:5,7
DA:6,7
LF:6
LH:6
BRF:0
BRH:0
end_of_record
TN:
SF:/Users/moseskamira/Desktop/FrontEndReactJs/src/actions/signinAction.js
FN:10,(anonymous_0)
FN:10,(anonymous_1)
FN:12,(anonymous_2)
FN:19,(anonymous_3)
FNF:4
FNH:4
FNDA:2,(anonymous_0)
FNDA:2,(anonymous_1)
FNDA:1,(anonymous_2)
FNDA:1,(anonymous_3)
DA:5,3
DA:10,3
DA:11,2
DA:13,1
DA:20,1
LF:5
LH:5
BRF:0
BRH:0
end_of_record
TN:
SF:/Users/moseskamira/Desktop/FrontEndReactJs/src/actions/signupAction.js
FN:9,(anonymous_0)
FN:9,(anonymous_1)
FN:11,(anonymous_2)
FN:18,(anonymous_3)
FNF:4
FNH:4
FNDA:2,(anonymous_0)
FNDA:2,(anonymous_1)
FNDA:1,(anonymous_2)
FNDA:1,(anonymous_3)
DA:5,6
DA:9,6
DA:10,2
DA:12,1
DA:17,1
DA:20,1
LF:6
LH:6
BRF:0
BRH:0
end_of_record
TN:
SF:/Users/moseskamira/Desktop/FrontEndReactJs/src/components/Home.jsx
FN:10,(anonymous_0)
FNF:1
FNH:1
FNDA:1,(anonymous_0)
DA:12,1
LF:1
LH:1
BRF:0
BRH:0
end_of_record
TN:
SF:/Users/moseskamira/Desktop/FrontEndReactJs/src/components/Login.jsx
FN:8,(anonymous_0)
FN:16,(anonymous_1)
FN:22,(anonymous_2)
FN:33,(anonymous_3)
FN:40,(anonymous_4)
FN:58,(anonymous_5)
FNF:6
FNH:4
FNDA:2,(anonymous_0)
FNDA:1,(anonymous_1)
FNDA:1,(anonymous_2)
FNDA:0,(anonymous_3)
FNDA:3,(anonymous_4)
FNDA:0,(anonymous_5)
DA:9,2
DA:10,2
DA:17,1
DA:23,1
DA:24,1
DA:30,1
DA:34,0
DA:35,0
DA:41,3
DA:53,2
DA:58,2
DA:61,0
LF:12
LH:9
BRDA:34,0,0,0
BRDA:34,0,1,0
BRF:2
BRH:0
end_of_record
TN:
SF:/Users/moseskamira/Desktop/FrontEndReactJs/src/components/Order.jsx
FN:5,(anonymous_0)
FNF:1
FNH:1
FNDA:1,(anonymous_0)
DA:7,1
LF:1
LH:1
BRF:0
BRH:0
end_of_record
TN:
SF:/Users/moseskamira/Desktop/FrontEndReactJs/src/components/SignUp.jsx
FN:8,(anonymous_0)
FN:19,(anonymous_1)
FN:24,(anonymous_2)
FN:35,(anonymous_3)
FN:84,(anonymous_4)
FNF:5
FNH:5
FNDA:2,(anonymous_0)
FNDA:1,(anonymous_1)
FNDA:1,(anonymous_2)
FNDA:3,(anonymous_3)
FNDA:2,(anonymous_4)
DA:9,2
DA:10,2
DA:20,1
DA:25,1
DA:26,1
DA:33,1
DA:37,3
DA:80,5
DA:84,5
LF:9
LH:9
BRF:0
BRH:0
end_of_record
TN:
SF:/Users/moseskamira/Desktop/FrontEndReactJs/src/reducers/mainReducer.js
FNF:0
FNH:0
DA:6,0
LF:1
LH:0
BRF:0
BRH:0
end_of_record
TN:
SF:/Users/moseskamira/Desktop/FrontEndReactJs/src/reducers/signinReducer.js
FN:11,signinReducer
FNF:1
FNH:1
FNDA:1,signinReducer
DA:5,1
DA:12,1
DA:14,1
DA:21,0
DA:29,0
LF:5
LH:3
BRDA:11,0,0,0
BRDA:12,1,0,1
BRDA:12,1,1,0
BRDA:12,1,2,0
BRF:4
BRH:1
end_of_record
TN:
SF:/Users/moseskamira/Desktop/FrontEndReactJs/src/reducers/signupReducer.js
FN:11,signupReducer
FNF:1
FNH:1
FNDA:3,signupReducer
DA:5,1
DA:12,3
DA:14,1
DA:21,1
DA:29,1
LF:5
LH:5
BRDA:11,0,0,1
BRDA:12,1,0,1
BRDA:12,1,1,1
BRDA:12,1,2,1
BRF:4
BRH:4
end_of_record
